<?xml version="1.0" encoding="UTF-8" ?>
<testsuite errors="0" failures="0" hostname="Enie" name="model.DBTest" skipped="0" tests="8" time="0.118" timestamp="2021-05-18T15:53:37">
  <properties>
[...]
</properties>
  <testcase classname="model.DBTest" name="testGetMeals" time="0.002" />
  <testcase classname="model.DBTest" name="testCount" time="0.0" />
  <testcase classname="model.DBTest" name="testInsertMeals" time="0.0" />
  <testcase classname="model.DBTest" name="testDelDrinks" time="0.0" />
  <testcase classname="model.DBTest" name="testGetDrinks" time="0.0" />
  <testcase classname="model.DBTest" name="testInsertDrinks" time="0.0" />
  <testcase classname="model.DBTest" name="testDelMeals" time="0.0" />
  <testcase classname="model.DBTest" name="testUpdate" time="0.0" />
  <system-out><![CDATA[getMeals
count
insertMeals
delDrinks
getDrinks
insertDrinks
delMeals
Update
]]></system-out>
  <system-err><![CDATA[]]></system-err>
</testsuite>
